<?xml version="1.0" encoding="UTF-8"?>
<!-- Generated by org.testng.reporters.JUnitReportReporter -->
<testsuite hostname="thinkpad" name="be.iesca.tests.TestNG_UserDaoMock" tests="3" failures="0" timestamp="11 May 2016 15:44:25 GMT" time="0.012" errors="0">
  <testcase name="connexion" time="0.001" classname="be.iesca.tests.TestNG_UserDaoMock"/>
  <testcase name="connexionUserNotExisting" time="0.003" classname="be.iesca.tests.TestNG_UserDaoMock"/>
  <testcase name="inscription" time="0.008" classname="be.iesca.tests.TestNG_UserDaoMock"/>
</testsuite> <!-- be.iesca.tests.TestNG_UserDaoMock -->
