<?xml version="1.0" encoding="UTF-8"?>
<!-- Generated by org.testng.reporters.JUnitReportReporter -->
<testsuite hostname="quentin-pc" name="be.iesca.tests.TestNG_GestionnaireLivre" tests="10" failures="0" timestamp="19 May 2016 13:58:33 GMT" time="0.104" errors="0">
  <testcase name="ajouterPret" time="0.018" classname="be.iesca.tests.TestNG_GestionnaireLivre"/>
  <testcase name="listerPrets" time="0.004" classname="be.iesca.tests.TestNG_GestionnaireLivre"/>
  <testcase name="listePretsApresSuppression" time="0.003" classname="be.iesca.tests.TestNG_GestionnaireLivre"/>
  <testcase name="supprimerUnPret" time="0.005" classname="be.iesca.tests.TestNG_GestionnaireLivre"/>
  <testcase name="ajoutLivres" time="0.011" classname="be.iesca.tests.TestNG_GestionnaireLivre"/>
  <testcase name="getLivreByUser" time="0.004" classname="be.iesca.tests.TestNG_GestionnaireLivre"/>
  <testcase name="connexion" time="0.023" classname="be.iesca.tests.TestNG_GestionnaireLivre"/>
  <testcase name="listerEmprunts" time="0.003" classname="be.iesca.tests.TestNG_GestionnaireLivre"/>
  <testcase name="enregistrement" time="0.029" classname="be.iesca.tests.TestNG_GestionnaireLivre"/>
  <testcase name="listerLivres" time="0.004" classname="be.iesca.tests.TestNG_GestionnaireLivre"/>
</testsuite> <!-- be.iesca.tests.TestNG_GestionnaireLivre -->
