<?xml version="1.0" encoding="UTF-8"?>
<!-- Generated by org.testng.reporters.JUnitReportReporter -->
<testsuite hostname="quentin-pc" name="be.iesca.tests.TestNG_UserDaoImpl" tests="4" failures="0" timestamp="19 May 2016 13:52:59 GMT" time="1.375" errors="0">
  <testcase name="inscription" time="0.053" classname="be.iesca.tests.TestNG_UserDaoImpl"/>
  <testcase name="connexionUserNotExisting" time="1.315" classname="be.iesca.tests.TestNG_UserDaoImpl"/>
  <testcase name="connexion" time="0.003" classname="be.iesca.tests.TestNG_UserDaoImpl"/>
  <testcase name="listeUtilisateur" time="0.004" classname="be.iesca.tests.TestNG_UserDaoImpl"/>
</testsuite> <!-- be.iesca.tests.TestNG_UserDaoImpl -->
