<?xml version="1.0" encoding="UTF-8"?>
<!-- Generated by org.testng.reporters.JUnitReportReporter -->
<testsuite hostname="quentin-pc" name="be.iesca.tests.TestNG_LivreDaoImpl" tests="11" failures="0" timestamp="19 May 2016 13:53:07 GMT" time="1.299" errors="0">
  <testcase name="testLivresTries" time="0.024" classname="be.iesca.tests.TestNG_LivreDaoImpl"/>
  <testcase name="testListerPretsApresSuppression" time="0.004" classname="be.iesca.tests.TestNG_LivreDaoImpl"/>
  <testcase name="testgetLivre" time="0.003" classname="be.iesca.tests.TestNG_LivreDaoImpl"/>
  <testcase name="testListerEmprunts" time="0.001" classname="be.iesca.tests.TestNG_LivreDaoImpl"/>
  <testcase name="testListerPrets" time="0.004" classname="be.iesca.tests.TestNG_LivreDaoImpl"/>
  <testcase name="testSupprimerPret" time="0.004" classname="be.iesca.tests.TestNG_LivreDaoImpl"/>
  <testcase name="testModifierLivre" time="0.006" classname="be.iesca.tests.TestNG_LivreDaoImpl"/>
  <testcase name="testAjouter" time="1.235" classname="be.iesca.tests.TestNG_LivreDaoImpl"/>
  <testcase name="testLister" time="0.004" classname="be.iesca.tests.TestNG_LivreDaoImpl"/>
  <testcase name="livreParUtilisateur" time="0.004" classname="be.iesca.tests.TestNG_LivreDaoImpl"/>
  <testcase name="testMemoriserPret" time="0.010" classname="be.iesca.tests.TestNG_LivreDaoImpl"/>
</testsuite> <!-- be.iesca.tests.TestNG_LivreDaoImpl -->
