<?xml version="1.0" encoding="UTF-8"?>
<!-- Generated by org.testng.reporters.JUnitReportReporter -->
<testsuite hostname="thinkpad" name="be.iesca.tests.TestNG_GestionnaireUtilisateur" tests="5" failures="0" timestamp="11 May 2016 15:44:40 GMT" time="0.019" errors="0">
  <testcase name="connexion" time="0.002" classname="be.iesca.tests.TestNG_GestionnaireUtilisateur"/>
  <testcase name="listeUtilisateur" time="0.002" classname="be.iesca.tests.TestNG_GestionnaireUtilisateur"/>
  <testcase name="connexionUserNotExisting" time="0.002" classname="be.iesca.tests.TestNG_GestionnaireUtilisateur"/>
  <testcase name="enregistrement" time="0.011" classname="be.iesca.tests.TestNG_GestionnaireUtilisateur"/>
  <testcase name="deconnexion" time="0.002" classname="be.iesca.tests.TestNG_GestionnaireUtilisateur"/>
</testsuite> <!-- be.iesca.tests.TestNG_GestionnaireUtilisateur -->
