<?xml version="1.0" encoding="UTF-8"?>
<!-- Generated by org.testng.reporters.JUnitReportReporter -->
<testsuite hostname="thinkpad" name="be.iesca.tests.TestNG_LivreDaoMockImpl" tests="8" failures="0" timestamp="11 May 2016 15:44:31 GMT" time="0.032" errors="0">
  <testcase name="testListerEmprunts" time="0.001" classname="be.iesca.tests.TestNG_LivreDaoMockImpl"/>
  <testcase name="testGetLivre" time="0.002" classname="be.iesca.tests.TestNG_LivreDaoMockImpl"/>
  <testcase name="testModifierLivre" time="0.002" classname="be.iesca.tests.TestNG_LivreDaoMockImpl"/>
  <testcase name="testLister" time="0.002" classname="be.iesca.tests.TestNG_LivreDaoMockImpl"/>
  <testcase name="testAjouter" time="0.007" classname="be.iesca.tests.TestNG_LivreDaoMockImpl"/>
  <testcase name="testMemoriserPret" time="0.016" classname="be.iesca.tests.TestNG_LivreDaoMockImpl"/>
  <testcase name="testSupprimerPret" time="0.001" classname="be.iesca.tests.TestNG_LivreDaoMockImpl"/>
  <testcase name="testListerPrets" time="0.001" classname="be.iesca.tests.TestNG_LivreDaoMockImpl"/>
</testsuite> <!-- be.iesca.tests.TestNG_LivreDaoMockImpl -->
